-- Found ament_cmake: 1.3.6 (/opt/ros/humble/share/ament_cmake/cmake)
-- Override CMake install command with custom implementation using symlinks instead of copying resources
-- Found rclcpp: 16.0.7 (/opt/ros/humble/share/rclcpp/cmake)
-- Found rosidl_generator_c: 3.1.5 (/opt/ros/humble/share/rosidl_generator_c/cmake)
-- Found rosidl_adapter: 3.1.5 (/opt/ros/humble/share/rosidl_adapter/cmake)
-- Found rosidl_generator_cpp: 3.1.5 (/opt/ros/humble/share/rosidl_generator_cpp/cmake)
-- Using all available rosidl_typesupport_c: rosidl_typesupport_fastrtps_c;rosidl_typesupport_introspection_c
-- Using all available rosidl_typesupport_cpp: rosidl_typesupport_fastrtps_cpp;rosidl_typesupport_introspection_cpp
-- Found rmw_implementation_cmake: 6.1.1 (/opt/ros/humble/share/rmw_implementation_cmake/cmake)
-- Found rmw_cyclonedds_cpp: 1.3.4 (/opt/ros/humble/share/rmw_cyclonedds_cpp/cmake)
-- Using RMW implementation 'rmw_cyclonedds_cpp' as default
-- Looking for pthread.h
-- Looking for pthread.h - found
-- Performing Test CMAKE_HAVE_LIBC_PTHREAD
-- Performing Test CMAKE_HAVE_LIBC_PTHREAD - Success
-- Found Threads: TRUE  
-- Found geometry_msgs: 4.2.3 (/opt/ros/humble/share/geometry_msgs/cmake)
-- Found ament_lint_auto: 0.12.9 (/opt/ros/humble/share/ament_lint_auto/cmake)
-- Added test 'cppcheck' to perform static code analysis on C / C++ code
-- Configured cppcheck include dirs: /home/sithija/spectrobot_ws/src/spectrobot_controller/include
-- Configured cppcheck exclude dirs and/or files: 
-- Added test 'flake8' to check Python code syntax and style conventions
-- Added test 'lint_cmake' to check CMake code style
-- Added test 'pep257' to check Python code against some of the docstring style conventions in PEP 257
-- Added test 'uncrustify' to check C / C++ code style
-- Configured uncrustify additional arguments: 
-- Added test 'xmllint' to check XML markup files
-- Configuring done
-- Generating done
-- Build files have been written to: /home/sithija/spectrobot_ws/build/spectrobot_controller
[ 50%] [32mBuilding CXX object CMakeFiles/simple_controller.dir/src/simple_controller.cpp.o[0m
In file included from [01m[K/home/sithija/spectrobot_ws/src/spectrobot_controller/src/simple_controller.cpp:1[m[K:
[01m[K/home/sithija/spectrobot_ws/src/spectrobot_controller/include/spectrobot_controller/simple_controller.hpp:1:25:[m[K [01;35m[Kwarning: [m[Kextra tokens at end of #ifdef directive
    1 | #ifdef SIMPLE_CONTROLLER[01;35m[K.[m[KHPP
      |                         [01;35m[K^[m[K
[01m[K/home/sithija/spectrobot_ws/src/spectrobot_controller/src/simple_controller.cpp:6:1:[m[K [01;31m[Kerror: [m[Kâ€˜[01m[KSimpleController[m[Kâ€™ does not name a type
    6 | [01;31m[KSimpleController[m[K::SimpleController(const std::string &name):Node(name)
      | [01;31m[K^~~~~~~~~~~~~~~~[m[K
[01m[K/home/sithija/spectrobot_ws/src/spectrobot_controller/src/simple_controller.cpp:27:6:[m[K [01;31m[Kerror: [m[Kâ€˜[01m[KSimpleController[m[Kâ€™ has not been declared
   27 | void [01;31m[KSimpleController[m[K::velCallback(const geometric_msgs::msg::TwistStamped &msg)
      |      [01;31m[K^~~~~~~~~~~~~~~~[m[K
[01m[K/home/sithija/spectrobot_ws/src/spectrobot_controller/src/simple_controller.cpp:27:42:[m[K [01;31m[Kerror: [m[Kâ€˜[01m[Kgeometric_msgs[m[Kâ€™ does not name a type
   27 | void SimpleController::velCallback(const [01;31m[Kgeometric_msgs[m[K::msg::TwistStamped &msg)
      |                                          [01;31m[K^~~~~~~~~~~~~~[m[K
[01m[K/home/sithija/spectrobot_ws/src/spectrobot_controller/src/simple_controller.cpp:27:61:[m[K [01;31m[Kerror: [m[Kexpected unqualified-id before â€˜[01m[K::[m[Kâ€™ token
   27 | void SimpleController::velCallback(const geometric_msgs::msg[01;31m[K::[m[KTwistStamped &msg)
      |                                                             [01;31m[K^~[m[K
[01m[K/home/sithija/spectrobot_ws/src/spectrobot_controller/src/simple_controller.cpp:27:61:[m[K [01;31m[Kerror: [m[Kexpected â€˜[01m[K)[m[Kâ€™ before â€˜[01m[K::[m[Kâ€™ token
   27 | void SimpleController::velCallback[34m[K([m[Kconst geometric_msgs::msg[01;31m[K:[m[K[32m[K:[m[KTwistStamped &msg)
      |                                   [34m[K~[m[K                         [01;31m[K^[m[K[32m[K~[m[K
      |                                                             [32m[K)[m[K
[01m[K/home/sithija/spectrobot_ws/src/spectrobot_controller/src/simple_controller.cpp:27:61:[m[K [01;31m[Kerror: [m[Kexpected initializer before â€˜[01m[K::[m[Kâ€™ token
   27 | void SimpleController::velCallback(const geometric_msgs::msg[01;31m[K::[m[KTwistStamped &msg)
      |                                                             [01;31m[K^~[m[K
[01m[K/home/sithija/spectrobot_ws/src/spectrobot_controller/src/simple_controller.cpp:[m[K In function â€˜[01m[Kint main(int, char**)[m[Kâ€™:
[01m[K/home/sithija/spectrobot_ws/src/spectrobot_controller/src/simple_controller.cpp:44:5:[m[K [01;31m[Kerror: [m[Kâ€˜[01m[Krclcpp[m[Kâ€™ has not been declared
   44 |     [01;31m[Krclcpp[m[K::init(argc, argv);
      |     [01;31m[K^~~~~~[m[K
[01m[K/home/sithija/spectrobot_ws/src/spectrobot_controller/src/simple_controller.cpp:45:22:[m[K [01;31m[Kerror: [m[Kâ€˜[01m[Kmake_shared[m[Kâ€™ is not a member of â€˜[01m[Kstd[m[Kâ€™
   45 |     auto node = std::[01;31m[Kmake_shared[m[K<SimpleController>("simple_controller");
      |                      [01;31m[K^~~~~~~~~~~[m[K
[01m[K/home/sithija/spectrobot_ws/src/spectrobot_controller/src/simple_controller.cpp:3:1:[m[K [01;36m[Knote: [m[Kâ€˜[01m[Kstd::make_shared[m[Kâ€™ is defined in header â€˜[01m[K<memory>[m[Kâ€™; did you forget to â€˜[01m[K#include <memory>[m[Kâ€™?
    2 | #include <Eigen/Geometry>
  +++ |+[32m[K#include <memory>[m[K
    3 | 
[01m[K/home/sithija/spectrobot_ws/src/spectrobot_controller/src/simple_controller.cpp:45:34:[m[K [01;31m[Kerror: [m[Kâ€˜[01m[KSimpleController[m[Kâ€™ was not declared in this scope
   45 |     auto node = std::make_shared<[01;31m[KSimpleController[m[K>("simple_controller");
      |                                  [01;31m[K^~~~~~~~~~~~~~~~[m[K
[01m[K/home/sithija/spectrobot_ws/src/spectrobot_controller/src/simple_controller.cpp:46:5:[m[K [01;31m[Kerror: [m[Kâ€˜[01m[Krclcpp[m[Kâ€™ has not been declared
   46 |     [01;31m[Krclcpp[m[K::spin(node);
      |     [01;31m[K^~~~~~[m[K
[01m[K/home/sithija/spectrobot_ws/src/spectrobot_controller/src/simple_controller.cpp:47:5:[m[K [01;31m[Kerror: [m[Kâ€˜[01m[Krclcpp[m[Kâ€™ has not been declared
   47 |     [01;31m[Krclcpp[m[K::shutdown();
      |     [01;31m[K^~~~~~[m[K
gmake[2]: *** [CMakeFiles/simple_controller.dir/build.make:76: CMakeFiles/simple_controller.dir/src/simple_controller.cpp.o] Error 1
gmake[1]: *** [CMakeFiles/Makefile2:137: CMakeFiles/simple_controller.dir/all] Error 2
gmake: *** [Makefile:146: all] Error 2
