[0.141s] Invoking command in '/home/sithija/spectrobot_ws/build/spectrobot_controller': CMAKE_PREFIX_PATH=${CMAKE_PREFIX_PATH}:/home/sithija/ros2_ws/install/my_robot_controller:/home/sithija/ros2_ws/install/fleet_subscriber:/home/sithija/ros2_ws/install/fleet_base:/home/sithija/ros2_ws/install/recovery_pulse_test:/home/sithija/ros2_ws/install/recovery_pathfinder:/home/sithija/ros2_ws/install/recoveryPathFinder:/home/sithija/ros2_ws/install/py_pubsub:/home/sithija/ros2_ws/install/obstacle_detector:/home/sithija/ros2_ws/install/first_bot:/home/sithija/ros2_ws/install/explore:/home/sithija/custombot_ws/install/robot_model_pkg:/home/sithija/custombot_ws/install/explore:/home/sithija/cambot_ws/install/navcontrol:/home/sithija/simulation_ws/install/us_handler:/home/sithija/simulation_ws/install/recovery_pulse_test:/home/sithija/simulation_ws/install/recovery_pathfinder:/home/sithija/simulation_ws/install/rate_converter:/home/sithija/simulation_ws/install/obstacle_detector:/opt/ros/humble /usr/bin/cmake --build /home/sithija/spectrobot_ws/build/spectrobot_controller -- -j16 -l16
[0.197s] -- Found ament_cmake: 1.3.6 (/opt/ros/humble/share/ament_cmake/cmake)
[0.412s] -- Override CMake install command with custom implementation using symlinks instead of copying resources
[0.439s] -- Found rclcpp: 16.0.7 (/opt/ros/humble/share/rclcpp/cmake)
[0.549s] -- Found rosidl_generator_c: 3.1.5 (/opt/ros/humble/share/rosidl_generator_c/cmake)
[0.566s] -- Found rosidl_adapter: 3.1.5 (/opt/ros/humble/share/rosidl_adapter/cmake)
[0.586s] -- Found rosidl_generator_cpp: 3.1.5 (/opt/ros/humble/share/rosidl_generator_cpp/cmake)
[0.615s] -- Using all available rosidl_typesupport_c: rosidl_typesupport_fastrtps_c;rosidl_typesupport_introspection_c
[0.653s] -- Using all available rosidl_typesupport_cpp: rosidl_typesupport_fastrtps_cpp;rosidl_typesupport_introspection_cpp
[0.781s] -- Found rmw_implementation_cmake: 6.1.1 (/opt/ros/humble/share/rmw_implementation_cmake/cmake)
[0.791s] -- Found rmw_cyclonedds_cpp: 1.3.4 (/opt/ros/humble/share/rmw_cyclonedds_cpp/cmake)
[0.860s] -- Using RMW implementation 'rmw_cyclonedds_cpp' as default
[0.888s] -- Looking for pthread.h
[1.012s] -- Looking for pthread.h - found
[1.012s] -- Performing Test CMAKE_HAVE_LIBC_PTHREAD
[1.104s] -- Performing Test CMAKE_HAVE_LIBC_PTHREAD - Success
[1.105s] -- Found Threads: TRUE  
[1.282s] -- Found geometry_msgs: 4.2.3 (/opt/ros/humble/share/geometry_msgs/cmake)
[1.340s] -- Found ament_lint_auto: 0.12.9 (/opt/ros/humble/share/ament_lint_auto/cmake)
[1.458s] -- Added test 'cppcheck' to perform static code analysis on C / C++ code
[1.458s] -- Configured cppcheck include dirs: /home/sithija/spectrobot_ws/src/spectrobot_controller/include
[1.458s] -- Configured cppcheck exclude dirs and/or files: 
[1.459s] -- Added test 'flake8' to check Python code syntax and style conventions
[1.460s] -- Added test 'lint_cmake' to check CMake code style
[1.460s] -- Added test 'pep257' to check Python code against some of the docstring style conventions in PEP 257
[1.461s] -- Added test 'uncrustify' to check C / C++ code style
[1.461s] -- Configured uncrustify additional arguments: 
[1.463s] -- Added test 'xmllint' to check XML markup files
[1.464s] -- Configuring done
[1.477s] -- Generating done
[1.478s] -- Build files have been written to: /home/sithija/spectrobot_ws/build/spectrobot_controller
[1.525s] [ 50%] [32mBuilding CXX object CMakeFiles/simple_controller.dir/src/simple_controller.cpp.o[0m
[1.538s] In file included from [01m[K/home/sithija/spectrobot_ws/src/spectrobot_controller/src/simple_controller.cpp:1[m[K:
[1.538s] [01m[K/home/sithija/spectrobot_ws/src/spectrobot_controller/include/spectrobot_controller/simple_controller.hpp:1:25:[m[K [01;35m[Kwarning: [m[Kextra tokens at end of #ifdef directive
[1.539s]     1 | #ifdef SIMPLE_CONTROLLER[01;35m[K.[m[KHPP
[1.539s]       |                         [01;35m[K^[m[K
[2.300s] [01m[K/home/sithija/spectrobot_ws/src/spectrobot_controller/src/simple_controller.cpp:6:1:[m[K [01;31m[Kerror: [m[Kâ€˜[01m[KSimpleController[m[Kâ€™ does not name a type
[2.300s]     6 | [01;31m[KSimpleController[m[K::SimpleController(const std::string &name):Node(name)
[2.300s]       | [01;31m[K^~~~~~~~~~~~~~~~[m[K
[2.300s] [01m[K/home/sithija/spectrobot_ws/src/spectrobot_controller/src/simple_controller.cpp:27:6:[m[K [01;31m[Kerror: [m[Kâ€˜[01m[KSimpleController[m[Kâ€™ has not been declared
[2.300s]    27 | void [01;31m[KSimpleController[m[K::velCallback(const geometric_msgs::msg::TwistStamped &msg)
[2.300s]       |      [01;31m[K^~~~~~~~~~~~~~~~[m[K
[2.301s] [01m[K/home/sithija/spectrobot_ws/src/spectrobot_controller/src/simple_controller.cpp:27:42:[m[K [01;31m[Kerror: [m[Kâ€˜[01m[Kgeometric_msgs[m[Kâ€™ does not name a type
[2.301s]    27 | void SimpleController::velCallback(const [01;31m[Kgeometric_msgs[m[K::msg::TwistStamped &msg)
[2.301s]       |                                          [01;31m[K^~~~~~~~~~~~~~[m[K
[2.301s] [01m[K/home/sithija/spectrobot_ws/src/spectrobot_controller/src/simple_controller.cpp:27:61:[m[K [01;31m[Kerror: [m[Kexpected unqualified-id before â€˜[01m[K::[m[Kâ€™ token
[2.301s]    27 | void SimpleController::velCallback(const geometric_msgs::msg[01;31m[K::[m[KTwistStamped &msg)
[2.301s]       |                                                             [01;31m[K^~[m[K
[2.302s] [01m[K/home/sithija/spectrobot_ws/src/spectrobot_controller/src/simple_controller.cpp:27:61:[m[K [01;31m[Kerror: [m[Kexpected â€˜[01m[K)[m[Kâ€™ before â€˜[01m[K::[m[Kâ€™ token
[2.302s]    27 | void SimpleController::velCallback[34m[K([m[Kconst geometric_msgs::msg[01;31m[K:[m[K[32m[K:[m[KTwistStamped &msg)
[2.302s]       |                                   [34m[K~[m[K                         [01;31m[K^[m[K[32m[K~[m[K
[2.302s]       |                                                             [32m[K)[m[K
[2.302s] [01m[K/home/sithija/spectrobot_ws/src/spectrobot_controller/src/simple_controller.cpp:27:61:[m[K [01;31m[Kerror: [m[Kexpected initializer before â€˜[01m[K::[m[Kâ€™ token
[2.302s]    27 | void SimpleController::velCallback(const geometric_msgs::msg[01;31m[K::[m[KTwistStamped &msg)
[2.302s]       |                                                             [01;31m[K^~[m[K
[2.302s] [01m[K/home/sithija/spectrobot_ws/src/spectrobot_controller/src/simple_controller.cpp:[m[K In function â€˜[01m[Kint main(int, char**)[m[Kâ€™:
[2.302s] [01m[K/home/sithija/spectrobot_ws/src/spectrobot_controller/src/simple_controller.cpp:44:5:[m[K [01;31m[Kerror: [m[Kâ€˜[01m[Krclcpp[m[Kâ€™ has not been declared
[2.303s]    44 |     [01;31m[Krclcpp[m[K::init(argc, argv);
[2.303s]       |     [01;31m[K^~~~~~[m[K
[2.303s] [01m[K/home/sithija/spectrobot_ws/src/spectrobot_controller/src/simple_controller.cpp:45:22:[m[K [01;31m[Kerror: [m[Kâ€˜[01m[Kmake_shared[m[Kâ€™ is not a member of â€˜[01m[Kstd[m[Kâ€™
[2.303s]    45 |     auto node = std::[01;31m[Kmake_shared[m[K<SimpleController>("simple_controller");
[2.303s]       |                      [01;31m[K^~~~~~~~~~~[m[K
[2.303s] [01m[K/home/sithija/spectrobot_ws/src/spectrobot_controller/src/simple_controller.cpp:3:1:[m[K [01;36m[Knote: [m[Kâ€˜[01m[Kstd::make_shared[m[Kâ€™ is defined in header â€˜[01m[K<memory>[m[Kâ€™; did you forget to â€˜[01m[K#include <memory>[m[Kâ€™?
[2.303s]     2 | #include <Eigen/Geometry>
[2.303s]   +++ |+[32m[K#include <memory>[m[K
[2.304s]     3 | 
[2.304s] [01m[K/home/sithija/spectrobot_ws/src/spectrobot_controller/src/simple_controller.cpp:45:34:[m[K [01;31m[Kerror: [m[Kâ€˜[01m[KSimpleController[m[Kâ€™ was not declared in this scope
[2.304s]    45 |     auto node = std::make_shared<[01;31m[KSimpleController[m[K>("simple_controller");
[2.304s]       |                                  [01;31m[K^~~~~~~~~~~~~~~~[m[K
[2.304s] [01m[K/home/sithija/spectrobot_ws/src/spectrobot_controller/src/simple_controller.cpp:46:5:[m[K [01;31m[Kerror: [m[Kâ€˜[01m[Krclcpp[m[Kâ€™ has not been declared
[2.305s]    46 |     [01;31m[Krclcpp[m[K::spin(node);
[2.305s]       |     [01;31m[K^~~~~~[m[K
[2.305s] [01m[K/home/sithija/spectrobot_ws/src/spectrobot_controller/src/simple_controller.cpp:47:5:[m[K [01;31m[Kerror: [m[Kâ€˜[01m[Krclcpp[m[Kâ€™ has not been declared
[2.305s]    47 |     [01;31m[Krclcpp[m[K::shutdown();
[2.305s]       |     [01;31m[K^~~~~~[m[K
[2.376s] gmake[2]: *** [CMakeFiles/simple_controller.dir/build.make:76: CMakeFiles/simple_controller.dir/src/simple_controller.cpp.o] Error 1
[2.377s] gmake[1]: *** [CMakeFiles/Makefile2:137: CMakeFiles/simple_controller.dir/all] Error 2
[2.377s] gmake: *** [Makefile:146: all] Error 2
[2.382s] Invoked command in '/home/sithija/spectrobot_ws/build/spectrobot_controller' returned '2': CMAKE_PREFIX_PATH=${CMAKE_PREFIX_PATH}:/home/sithija/ros2_ws/install/my_robot_controller:/home/sithija/ros2_ws/install/fleet_subscriber:/home/sithija/ros2_ws/install/fleet_base:/home/sithija/ros2_ws/install/recovery_pulse_test:/home/sithija/ros2_ws/install/recovery_pathfinder:/home/sithija/ros2_ws/install/recoveryPathFinder:/home/sithija/ros2_ws/install/py_pubsub:/home/sithija/ros2_ws/install/obstacle_detector:/home/sithija/ros2_ws/install/first_bot:/home/sithija/ros2_ws/install/explore:/home/sithija/custombot_ws/install/robot_model_pkg:/home/sithija/custombot_ws/install/explore:/home/sithija/cambot_ws/install/navcontrol:/home/sithija/simulation_ws/install/us_handler:/home/sithija/simulation_ws/install/recovery_pulse_test:/home/sithija/simulation_ws/install/recovery_pathfinder:/home/sithija/simulation_ws/install/rate_converter:/home/sithija/simulation_ws/install/obstacle_detector:/opt/ros/humble /usr/bin/cmake --build /home/sithija/spectrobot_ws/build/spectrobot_controller -- -j16 -l16
