[35m[1mConsolidate compiler generated dependencies of target simple_controller[0m
[ 50%] [32mBuilding CXX object CMakeFiles/simple_controller.dir/src/simple_controller.cpp.o[0m
[01m[K/home/sithija/spectrobot_ws/src/spectrobot_controller/src/simple_controller.cpp:[m[K In member function â€˜[01m[Kvoid SimpleController::velCallback(const TwistStamped&)[m[Kâ€™:
[01m[K/home/sithija/spectrobot_ws/src/spectrobot_controller/src/simple_controller.cpp:33:57:[m[K [01;31m[Kerror: [m[Kexpected â€˜[01m[K;[m[Kâ€™ before â€˜[01m[K:[m[Kâ€™ token
   33 |     wheel_speed_msg.data.push_back(wheel_speed.coeff(1))[01;31m[K:[m[K
      |                                                         [01;31m[K^[m[K
      |                                                         [32m[K;[m[K
gmake[2]: *** [CMakeFiles/simple_controller.dir/build.make:76: CMakeFiles/simple_controller.dir/src/simple_controller.cpp.o] Error 1
gmake[1]: *** [CMakeFiles/Makefile2:137: CMakeFiles/simple_controller.dir/all] Error 2
gmake: *** [Makefile:146: all] Error 2
